build/app/intermediates/manifest_merge_blame_file/release/manifest-merger-blame-release-report.txt
1<?xml version="1.0" encoding="utf-8"?>
2<manifest xmlns:android="http://schemas.android.com/apk/res/android"
3    package="com.example.taf"
4    android:versionCode="1"
5    android:versionName="1.0.0" >
6
7    <uses-sdk
8        android:minSdkVersion="19"
8-->src\main\AndroidManifest.xml
9        android:targetSdkVersion="33" />
9-->src\main\AndroidManifest.xml
10
11    <uses-permission android:name="android.permission.INTERNET" />
11-->src\main\AndroidManifest.xml:4:5-67
11-->src\main\AndroidManifest.xml:4:22-64
12
13    <permission
13-->[androidx.core:core:1.10.1] AndroidManifest.xml:22:5-24:47
14        android:name="com.example.taf.DYNAMIC_RECEIVER_NOT_EXPORTED_PERMISSION"
14-->[androidx.core:core:1.10.1] AndroidManifest.xml:23:9-81
15        android:protectionLevel="signature" />
15-->[androidx.core:core:1.10.1] AndroidManifest.xml:24:9-44
16
17    <uses-permission android:name="com.example.taf.DYNAMIC_RECEIVER_NOT_EXPORTED_PERMISSION" />
17-->[androidx.core:core:1.10.1] AndroidManifest.xml:26:5-97
17-->[androidx.core:core:1.10.1] AndroidManifest.xml:26:22-94
18
19    <application
20        android:name="android.app.Application"
20-->src\main\AndroidManifest.xml:8:9-42
21        android:appComponentFactory="androidx.core.app.CoreComponentFactory"
21-->[androidx.core:core:1.10.1] AndroidManifest.xml:28:18-86
22        android:icon="@mipmap/ic_launcher"
22-->src\main\AndroidManifest.xml:9:9-43
23        android:label="🇹🇳 Travel" >
23-->src\main\AndroidManifest.xml:7:9-36
24        <activity
24-->src\main\AndroidManifest.xml:11:9-29:20
25            android:name="com.example.taf.MainActivity"
25-->src\main\AndroidManifest.xml:12:13-41
26            android:configChanges="orientation|keyboardHidden|keyboard|screenSize|smallestScreenSize|locale|layoutDirection|fontScale|screenLayout|density|uiMode"
26-->src\main\AndroidManifest.xml:16:13-163
27            android:exported="true"
27-->src\main\AndroidManifest.xml:13:13-36
28            android:hardwareAccelerated="true"
28-->src\main\AndroidManifest.xml:17:13-47
29            android:launchMode="singleTop"
29-->src\main\AndroidManifest.xml:14:13-43
30            android:theme="@style/LaunchTheme"
30-->src\main\AndroidManifest.xml:15:13-47
31            android:windowSoftInputMode="adjustResize" >
31-->src\main\AndroidManifest.xml:18:13-55
32
33            <!-- The rest of your activity configuration -->
34
35            <meta-data
35-->src\main\AndroidManifest.xml:22:13-24:57
36                android:name="io.flutter.embedding.android.NormalTheme"
36-->src\main\AndroidManifest.xml:23:17-72
37                android:resource="@style/NormalTheme" />
37-->src\main\AndroidManifest.xml:24:17-54
38
39            <intent-filter>
39-->src\main\AndroidManifest.xml:25:13-28:29
40                <action android:name="android.intent.action.MAIN" />
40-->src\main\AndroidManifest.xml:26:17-68
40-->src\main\AndroidManifest.xml:26:25-66
41
42                <category android:name="android.intent.category.LAUNCHER" />
42-->src\main\AndroidManifest.xml:27:17-76
42-->src\main\AndroidManifest.xml:27:27-74
43            </intent-filter>
44        </activity>
45
46        <meta-data
46-->src\main\AndroidManifest.xml:31:9-33:33
47            android:name="flutterEmbedding"
47-->src\main\AndroidManifest.xml:32:13-44
48            android:value="2" />
48-->src\main\AndroidManifest.xml:33:13-30
49
50        <activity
50-->[:url_launcher_android] AndroidManifest.xml:8:9-11:74
51            android:name="io.flutter.plugins.urllauncher.WebViewActivity"
51-->[:url_launcher_android] AndroidManifest.xml:9:13-74
52            android:exported="false"
52-->[:url_launcher_android] AndroidManifest.xml:10:13-37
53            android:theme="@android:style/Theme.NoTitleBar.Fullscreen" />
53-->[:url_launcher_android] AndroidManifest.xml:11:13-71
54
55        <uses-library
55-->[androidx.window:window:1.0.0-beta04] AndroidManifest.xml:25:9-27:40
56            android:name="androidx.window.extensions"
56-->[androidx.window:window:1.0.0-beta04] AndroidManifest.xml:26:13-54
57            android:required="false" />
57-->[androidx.window:window:1.0.0-beta04] AndroidManifest.xml:27:13-37
58        <uses-library
58-->[androidx.window:window:1.0.0-beta04] AndroidManifest.xml:28:9-30:40
59            android:name="androidx.window.sidecar"
59-->[androidx.window:window:1.0.0-beta04] AndroidManifest.xml:29:13-51
60            android:required="false" />
60-->[androidx.window:window:1.0.0-beta04] AndroidManifest.xml:30:13-37
61    </application>
62
63</manifest>